<?xml version="1.0" encoding="UTF-8"?>
<testsuite name="com.mindex.challenge.service.impl.CompensationServiceImplTest" tests="1" skipped="0" failures="0" errors="0" timestamp="2022-11-30T23:01:34" hostname="HarshwadhansMBP" time="0.564">
  <properties/>
  <testcase name="testCreateReadCompensation()" classname="com.mindex.challenge.service.impl.CompensationServiceImplTest" time="0.564"/>
  <system-out><![CDATA[18:01:29.086 [Test worker] DEBUG org.springframework.test.context.BootstrapUtils - Instantiating CacheAwareContextLoaderDelegate from class [org.springframework.test.context.cache.DefaultCacheAwareContextLoaderDelegate]
18:01:29.096 [Test worker] DEBUG org.springframework.test.context.BootstrapUtils - Instantiating BootstrapContext using constructor [public org.springframework.test.context.support.DefaultBootstrapContext(java.lang.Class,org.springframework.test.context.CacheAwareContextLoaderDelegate)]
18:01:29.129 [Test worker] DEBUG org.springframework.test.context.BootstrapUtils - Instantiating TestContextBootstrapper for test class [com.mindex.challenge.service.impl.CompensationServiceImplTest] from class [org.springframework.boot.test.context.SpringBootTestContextBootstrapper]
18:01:29.147 [Test worker] INFO org.springframework.boot.test.context.SpringBootTestContextBootstrapper - Neither @ContextConfiguration nor @ContextHierarchy found for test class [com.mindex.challenge.service.impl.CompensationServiceImplTest], using SpringBootContextLoader
18:01:29.151 [Test worker] DEBUG org.springframework.test.context.support.AbstractContextLoader - Did not detect default resource location for test class [com.mindex.challenge.service.impl.CompensationServiceImplTest]: class path resource [com/mindex/challenge/service/impl/CompensationServiceImplTest-context.xml] does not exist
18:01:29.151 [Test worker] DEBUG org.springframework.test.context.support.AbstractContextLoader - Did not detect default resource location for test class [com.mindex.challenge.service.impl.CompensationServiceImplTest]: class path resource [com/mindex/challenge/service/impl/CompensationServiceImplTestContext.groovy] does not exist
18:01:29.151 [Test worker] INFO org.springframework.test.context.support.AbstractContextLoader - Could not detect default resource locations for test class [com.mindex.challenge.service.impl.CompensationServiceImplTest]: no resource found for suffixes {-context.xml, Context.groovy}.
18:01:29.152 [Test worker] INFO org.springframework.test.context.support.AnnotationConfigContextLoaderUtils - Could not detect default configuration classes for test class [com.mindex.challenge.service.impl.CompensationServiceImplTest]: CompensationServiceImplTest does not declare any static, non-private, non-final, nested classes annotated with @Configuration.
18:01:29.220 [Test worker] DEBUG org.springframework.test.context.support.ActiveProfilesUtils - Could not find an 'annotation declaring class' for annotation type [org.springframework.test.context.ActiveProfiles] and class [com.mindex.challenge.service.impl.CompensationServiceImplTest]
18:01:29.401 [Test worker] DEBUG org.springframework.context.annotation.ClassPathScanningCandidateComponentProvider - Identified candidate component class: file [/Users/harshwardhanpande/Downloads/mindex-java-code-challenge/build/classes/java/main/com/mindex/challenge/ChallengeApplication.class]
18:01:29.406 [Test worker] INFO org.springframework.boot.test.context.SpringBootTestContextBootstrapper - Found @SpringBootConfiguration com.mindex.challenge.ChallengeApplication for test class com.mindex.challenge.service.impl.CompensationServiceImplTest
18:01:29.488 [Test worker] DEBUG org.springframework.boot.test.context.SpringBootTestContextBootstrapper - @TestExecutionListeners is not present for class [com.mindex.challenge.service.impl.CompensationServiceImplTest]: using defaults.
18:01:29.488 [Test worker] INFO org.springframework.boot.test.context.SpringBootTestContextBootstrapper - Loaded default TestExecutionListener class names from location [META-INF/spring.factories]: [org.springframework.boot.test.autoconfigure.restdocs.RestDocsTestExecutionListener, org.springframework.boot.test.autoconfigure.web.client.MockRestServiceServerResetTestExecutionListener, org.springframework.boot.test.autoconfigure.web.servlet.MockMvcPrintOnlyOnFailureTestExecutionListener, org.springframework.boot.test.autoconfigure.web.servlet.WebDriverTestExecutionListener, org.springframework.boot.test.mock.mockito.MockitoTestExecutionListener, org.springframework.boot.test.mock.mockito.ResetMocksTestExecutionListener, org.springframework.test.context.web.ServletTestExecutionListener, org.springframework.test.context.support.DirtiesContextBeforeModesTestExecutionListener, org.springframework.test.context.support.DependencyInjectionTestExecutionListener, org.springframework.test.context.support.DirtiesContextTestExecutionListener, org.springframework.test.context.transaction.TransactionalTestExecutionListener, org.springframework.test.context.jdbc.SqlScriptsTestExecutionListener, org.springframework.test.context.event.EventPublishingTestExecutionListener]
18:01:29.503 [Test worker] INFO org.springframework.boot.test.context.SpringBootTestContextBootstrapper - Using TestExecutionListeners: [org.springframework.test.context.web.ServletTestExecutionListener@1a3fb68d, org.springframework.test.context.support.DirtiesContextBeforeModesTestExecutionListener@4bcbf47f, org.springframework.boot.test.mock.mockito.MockitoTestExecutionListener@19deb60f, org.springframework.boot.test.autoconfigure.SpringBootDependencyInjectionTestExecutionListener@23b7ce84, org.springframework.test.context.support.DirtiesContextTestExecutionListener@44db9fa1, org.springframework.test.context.transaction.TransactionalTestExecutionListener@5027e349, org.springframework.test.context.jdbc.SqlScriptsTestExecutionListener@3c25498c, org.springframework.test.context.event.EventPublishingTestExecutionListener@217b6362, org.springframework.boot.test.autoconfigure.restdocs.RestDocsTestExecutionListener@3945c67b, org.springframework.boot.test.autoconfigure.web.client.MockRestServiceServerResetTestExecutionListener@561747b1, org.springframework.boot.test.autoconfigure.web.servlet.MockMvcPrintOnlyOnFailureTestExecutionListener@40681dd6, org.springframework.boot.test.autoconfigure.web.servlet.WebDriverTestExecutionListener@3a7216ca, org.springframework.boot.test.mock.mockito.ResetMocksTestExecutionListener@2d9369e1]
18:01:29.506 [Test worker] DEBUG org.springframework.test.context.support.AbstractDirtiesContextTestExecutionListener - Before test class: context [DefaultTestContext@14afdd60 testClass = CompensationServiceImplTest, testInstance = [null], testMethod = [null], testException = [null], mergedContextConfiguration = [WebMergedContextConfiguration@6d46643a testClass = CompensationServiceImplTest, locations = '{}', classes = '{class com.mindex.challenge.ChallengeApplication}', contextInitializerClasses = '[]', activeProfiles = '{}', propertySourceLocations = '{}', propertySourceProperties = '{org.springframework.boot.test.context.SpringBootTestContextBootstrapper=true, server.port=0}', contextCustomizers = set[org.springframework.boot.test.autoconfigure.properties.PropertyMappingContextCustomizer@0, org.springframework.boot.test.autoconfigure.web.servlet.WebDriverContextCustomizerFactory$Customizer@447e91c, org.springframework.boot.test.context.filter.ExcludeFilterContextCustomizer@260774e0, org.springframework.boot.test.json.DuplicateJsonObjectContextCustomizerFactory$DuplicateJsonObjectContextCustomizer@3d7f2c34, org.springframework.boot.test.mock.mockito.MockitoContextCustomizer@3dac2311, org.springframework.boot.test.web.client.TestRestTemplateContextCustomizer@52460382], resourceBasePath = 'src/main/webapp', contextLoader = 'org.springframework.boot.test.context.SpringBootContextLoader', parent = [null]], attributes = map['org.springframework.test.context.web.ServletTestExecutionListener.activateListener' -> false]], class annotated with @DirtiesContext [false] with mode [null].
18:01:30.082 [Test worker] DEBUG org.springframework.test.context.support.TestPropertySourceUtils - Adding inlined properties to environment: {spring.jmx.enabled=false, org.springframework.boot.test.context.SpringBootTestContextBootstrapper=true, server.port=0}

  .   ____          _            __ _ _
 /\\ / ___'_ __ _ _(_)_ __  __ _ \ \ \ \
( ( )\___ | '_ | '_| | '_ \/ _` | \ \ \ \
 \\/  ___)| |_)| | | | | || (_| |  ) ) ) )
  '  |____| .__|_| |_|_| |_\__, | / / / /
 =========|_|==============|___/=/_/_/_/
 :: Spring Boot ::        (v2.2.0.RELEASE)

2022-11-30 18:01:30.635  INFO 93400 --- [    Test worker] c.m.c.s.i.CompensationServiceImplTest    : Starting CompensationServiceImplTest on HarshwadhansMBP with PID 93400 (started by harshwardhanpande in /Users/harshwardhanpande/Downloads/mindex-java-code-challenge)
2022-11-30 18:01:30.637 DEBUG 93400 --- [    Test worker] c.m.c.s.i.CompensationServiceImplTest    : Running with Spring Boot v2.2.0.RELEASE, Spring v5.2.0.RELEASE
2022-11-30 18:01:30.639  INFO 93400 --- [    Test worker] c.m.c.s.i.CompensationServiceImplTest    : No active profile set, falling back to default profiles: default
2022-11-30 18:01:31.414  INFO 93400 --- [    Test worker] .s.d.r.c.RepositoryConfigurationDelegate : Bootstrapping Spring Data repositories in DEFAULT mode.
2022-11-30 18:01:31.500  INFO 93400 --- [    Test worker] .s.d.r.c.RepositoryConfigurationDelegate : Finished Spring Data repository scanning in 79ms. Found 2 repository interfaces.
2022-11-30 18:01:33.042  INFO 93400 --- [    Test worker] o.s.b.w.embedded.tomcat.TomcatWebServer  : Tomcat initialized with port(s): 0 (http)
2022-11-30 18:01:33.055  INFO 93400 --- [    Test worker] o.apache.catalina.core.StandardService   : Starting service [Tomcat]
2022-11-30 18:01:33.055  INFO 93400 --- [    Test worker] org.apache.catalina.core.StandardEngine  : Starting Servlet engine: [Apache Tomcat/9.0.27]
2022-11-30 18:01:33.188  INFO 93400 --- [    Test worker] o.a.c.c.C.[Tomcat].[localhost].[/]       : Initializing Spring embedded WebApplicationContext
2022-11-30 18:01:33.189  INFO 93400 --- [    Test worker] o.s.web.context.ContextLoader            : Root WebApplicationContext: initialization completed in 2490 ms
2022-11-30 18:01:33.715  INFO 93400 --- [    Test worker] de.bwaldvogel.mongo.MongoServer          : started MongoServer(port: 58581, ssl: false)
2022-11-30 18:01:33.787  INFO 93400 --- [    Test worker] org.mongodb.driver.cluster               : Cluster created with settings {hosts=[127.0.0.1:58581], mode=SINGLE, requiredClusterType=UNKNOWN, serverSelectionTimeout='30000 ms', maxWaitQueueSize=500}
2022-11-30 18:01:33.863  INFO 93400 --- [-server-worker1] d.b.mongo.wire.MongoWireProtocolHandler  : client [id: 0x3cd211a8, L:/127.0.0.1:58581 - R:/127.0.0.1:58583] connected
2022-11-30 18:01:33.957  INFO 93400 --- [127.0.0.1:58581] org.mongodb.driver.connection            : Opened connection [connectionId{localValue:1}] to 127.0.0.1:58581
2022-11-30 18:01:33.967  INFO 93400 --- [127.0.0.1:58581] org.mongodb.driver.cluster               : Monitor thread successfully connected to server with description ServerDescription{address=127.0.0.1:58581, type=STANDALONE, state=CONNECTED, ok=true, version=ServerVersion{versionList=[3, 0, 0]}, minWireVersion=0, maxWireVersion=2, maxDocumentSize=16777216, logicalSessionTimeoutMinutes=null, roundTripTimeNanos=7351083}
2022-11-30 18:01:33.977  WARN 93400 --- [    Test worker] o.s.data.convert.CustomConversions       : Registering converter from class java.time.LocalDateTime to class java.time.Instant as reading converter although it doesn't convert from a store-supported type! You might wanna check you annotation setup at the converter implementation.
2022-11-30 18:01:33.978  WARN 93400 --- [    Test worker] o.s.data.convert.CustomConversions       : Registering converter from class java.time.Instant to class java.time.LocalDateTime as reading converter although it doesn't convert from a store-supported type! You might wanna check you annotation setup at the converter implementation.
2022-11-30 18:01:33.983  WARN 93400 --- [    Test worker] o.s.data.convert.CustomConversions       : Registering converter from class java.time.LocalDateTime to class java.time.Instant as reading converter although it doesn't convert from a store-supported type! You might wanna check you annotation setup at the converter implementation.
2022-11-30 18:01:33.983  WARN 93400 --- [    Test worker] o.s.data.convert.CustomConversions       : Registering converter from class java.time.Instant to class java.time.LocalDateTime as reading converter although it doesn't convert from a store-supported type! You might wanna check you annotation setup at the converter implementation.
2022-11-30 18:01:34.438  INFO 93400 --- [    Test worker] o.s.s.concurrent.ThreadPoolTaskExecutor  : Initializing ExecutorService 'applicationTaskExecutor'
2022-11-30 18:01:34.694  WARN 93400 --- [    Test worker] o.s.data.convert.CustomConversions       : Registering converter from class java.time.LocalDateTime to class java.time.Instant as reading converter although it doesn't convert from a store-supported type! You might wanna check you annotation setup at the converter implementation.
2022-11-30 18:01:34.695  WARN 93400 --- [    Test worker] o.s.data.convert.CustomConversions       : Registering converter from class java.time.Instant to class java.time.LocalDateTime as reading converter although it doesn't convert from a store-supported type! You might wanna check you annotation setup at the converter implementation.
2022-11-30 18:01:34.739  WARN 93400 --- [    Test worker] o.s.data.convert.CustomConversions       : Registering converter from class java.time.LocalDateTime to class java.time.Instant as reading converter although it doesn't convert from a store-supported type! You might wanna check you annotation setup at the converter implementation.
2022-11-30 18:01:34.740  WARN 93400 --- [    Test worker] o.s.data.convert.CustomConversions       : Registering converter from class java.time.Instant to class java.time.LocalDateTime as reading converter although it doesn't convert from a store-supported type! You might wanna check you annotation setup at the converter implementation.
2022-11-30 18:01:34.871  INFO 93400 --- [    Test worker] o.s.b.w.embedded.tomcat.TomcatWebServer  : Tomcat started on port(s): 58600 (http) with context path ''
2022-11-30 18:01:34.875  INFO 93400 --- [    Test worker] c.m.c.s.i.CompensationServiceImplTest    : Started CompensationServiceImplTest in 4.786 seconds (JVM running for 7.194)
2022-11-30 18:01:35.119  INFO 93400 --- [o-auto-1-exec-1] o.a.c.c.C.[Tomcat].[localhost].[/]       : Initializing Spring DispatcherServlet 'dispatcherServlet'
2022-11-30 18:01:35.120  INFO 93400 --- [o-auto-1-exec-1] o.s.web.servlet.DispatcherServlet        : Initializing Servlet 'dispatcherServlet'
2022-11-30 18:01:35.198  INFO 93400 --- [o-auto-1-exec-1] o.s.web.servlet.DispatcherServlet        : Completed initialization in 77 ms
2022-11-30 18:01:35.251 DEBUG 93400 --- [o-auto-1-exec-1] c.m.c.controller.EmployeeController      : Received employee create request for [com.mindex.challenge.data.Employee@304b9e31]
2022-11-30 18:01:35.252 DEBUG 93400 --- [o-auto-1-exec-1] c.m.c.service.impl.EmployeeServiceImpl   : Creating employee [com.mindex.challenge.data.Employee@304b9e31]
2022-11-30 18:01:35.389 DEBUG 93400 --- [o-auto-1-exec-2] c.m.c.controller.EmployeeController      : Received employee compensation create request for [com.mindex.challenge.data.Compensation@7d42a9a8]
2022-11-30 18:01:35.391 DEBUG 93400 --- [o-auto-1-exec-2] c.m.c.service.impl.EmployeeServiceImpl   : Creating employee compensation [com.mindex.challenge.data.Compensation@7d42a9a8]
2022-11-30 18:01:35.421 DEBUG 93400 --- [o-auto-1-exec-3] c.m.c.controller.EmployeeController      : Received employee compensation read request for [e95f5716-81f1-4d6b-9283-1c6b2148a79a]
2022-11-30 18:01:35.422 DEBUG 93400 --- [o-auto-1-exec-3] c.m.c.service.impl.EmployeeServiceImpl   : Retrieving compensation for employee with id [e95f5716-81f1-4d6b-9283-1c6b2148a79a]
]]></system-out>
  <system-err><![CDATA[]]></system-err>
</testsuite>
